<?xml version="1.0" encoding="UTF-8"?>
<!-- Generated by org.testng.reporters.JUnitXMLReporter -->
<testsuite hostname="DESKTOP-ET4DG75" name="Surefire test" tests="1" failures="1" timestamp="2 May 2017 20:23:10 GMT" time="56.003" errors="0">
  <testcase name="feature" time="55.633" classname="runner.TestRunner">
    <failure type="cucumber.runtime.CucumberException" message="org.junit.ComparisonFailure: expected:&amp;lt;http://[www.]uno.edu/prospectives...&amp;gt; but was:&amp;lt;http://[]uno.edu/prospectives...&amp;gt;">
      <![CDATA[cucumber.runtime.CucumberException: org.junit.ComparisonFailure: expected:<http://[www.]uno.edu/prospectives...> but was:<http://[]uno.edu/prospectives...>
	at cucumber.api.testng.TestNGCucumberRunner.runCucumber(TestNGCucumberRunner.java:69)
	at cucumber.api.testng.AbstractTestNGCucumberTests.feature(AbstractTestNGCucumberTests.java:21)
Caused by: org.junit.ComparisonFailure: expected:<http://[www.]uno.edu/prospectives...> but was:<http://[]uno.edu/prospectives...>
	at org.junit.Assert.assertEquals(Assert.java:115)
	at org.junit.Assert.assertEquals(Assert.java:144)
	at stepDefination.AllStepMethods.i_verifyThePageUrlIs(AllStepMethods.java:91)
	at âœ½.Then I verifyThePageUrlIs "http://uno.edu/prospectivestudents/index.aspx"(Dashboard.feature:17)
... Removed 28 stack frames]]>
    </failure>
  </testcase> <!-- feature -->
</testsuite> <!-- Surefire test -->
